RapBeatsPro/app/build/outputs/logs/manifest-merger-debug-report.txt
-- Merging decision tree log ---
manifest
ADDED from src\main\AndroidManifest.xml:2:1-80:12
	package
		ADDED from src\main\AndroidManifest.xml:3:5-38
		INJECTED from src\main\AndroidManifest.xml
		INJECTED from src\main\AndroidManifest.xml
	android:versionName
		ADDED from src\main\AndroidManifest.xml:5:5-31
		INJECTED from src\main\AndroidManifest.xml
		INJECTED from src\main\AndroidManifest.xml
	android:versionCode
		ADDED from src\main\AndroidManifest.xml:4:5-29
		INJECTED from src\main\AndroidManifest.xml
		INJECTED from src\main\AndroidManifest.xml
	xmlns:android
		ADDED from src\main\AndroidManifest.xml:2:11-69
	android:installLocation
		ADDED from src\main\AndroidManifest.xml:6:5-35
uses-sdk
ADDED from src\main\AndroidManifest.xml:7:2-70
	android:targetSdkVersion
		ADDED from src\main\AndroidManifest.xml:7:38-67
		INJECTED from src\main\AndroidManifest.xml
		INJECTED from src\main\AndroidManifest.xml
	android:minSdkVersion
		ADDED from src\main\AndroidManifest.xml:7:12-37
		INJECTED from src\main\AndroidManifest.xml
		INJECTED from src\main\AndroidManifest.xml
uses-permission#android.permission.INTERNET
ADDED from src\main\AndroidManifest.xml:8:2-80
	android:name
		ADDED from src\main\AndroidManifest.xml:8:19-61
uses-permission#android.permission.WRITE_EXTERNAL_STORAGE
ADDED from src\main\AndroidManifest.xml:9:2-78
	android:name
		ADDED from src\main\AndroidManifest.xml:9:19-75
uses-permission#android.permission.RECORD_AUDIO
ADDED from src\main\AndroidManifest.xml:10:2-68
	android:name
		ADDED from src\main\AndroidManifest.xml:10:19-65
uses-permission#android.permission.READ_PHONE_STATE
ADDED from src\main\AndroidManifest.xml:11:2-72
	android:name
		ADDED from src\main\AndroidManifest.xml:11:19-69
uses-feature#android.hardware.microphone
ADDED from src\main\AndroidManifest.xml:13:2-85
	android:required
		ADDED from src\main\AndroidManifest.xml:13:59-82
	android:name
		ADDED from src\main\AndroidManifest.xml:13:16-58
application
ADDED from src\main\AndroidManifest.xml:14:5-79:19
	android:label
		ADDED from src\main\AndroidManifest.xml:14:48-80
	android:icon
		ADDED from src\main\AndroidManifest.xml:14:18-47
activity#com.adamcox.rapbeatspro.ListRapBeats
ADDED from src\main\AndroidManifest.xml:15:9-20:20
	android:screenOrientation
		ADDED from src\main\AndroidManifest.xml:19:13-49
	android:label
		ADDED from src\main\AndroidManifest.xml:17:13-45
	android:configChanges
		ADDED from src\main\AndroidManifest.xml:18:13-72
	android:name
		ADDED from src\main\AndroidManifest.xml:16:10-38
activity#com.adamcox.rapbeatspro.MediaCenter
ADDED from src\main\AndroidManifest.xml:21:9-26:20
	android:screenOrientation
		ADDED from src\main\AndroidManifest.xml:25:13-49
	android:label
		ADDED from src\main\AndroidManifest.xml:23:13-45
	android:configChanges
		ADDED from src\main\AndroidManifest.xml:24:13-72
	android:name
		ADDED from src\main\AndroidManifest.xml:22:10-37
activity#com.adamcox.rapbeatspro.FreeStyle
ADDED from src\main\AndroidManifest.xml:27:9-32:20
	android:screenOrientation
		ADDED from src\main\AndroidManifest.xml:31:13-49
	android:label
		ADDED from src\main\AndroidManifest.xml:29:13-45
	android:configChanges
		ADDED from src\main\AndroidManifest.xml:30:13-72
	android:name
		ADDED from src\main\AndroidManifest.xml:28:10-35
activity#com.adamcox.rapbeatspro.WebPublisher
ADDED from src\main\AndroidManifest.xml:33:9-38:20
	android:screenOrientation
		ADDED from src\main\AndroidManifest.xml:37:13-49
	android:label
		ADDED from src\main\AndroidManifest.xml:35:13-45
	android:configChanges
		ADDED from src\main\AndroidManifest.xml:36:13-72
	android:name
		ADDED from src\main\AndroidManifest.xml:34:10-38
activity#com.adamcox.rapbeatspro.BeatImporter
ADDED from src\main\AndroidManifest.xml:39:9-44:20
	android:screenOrientation
		ADDED from src\main\AndroidManifest.xml:43:13-49
	android:label
		ADDED from src\main\AndroidManifest.xml:41:13-45
	android:configChanges
		ADDED from src\main\AndroidManifest.xml:42:13-72
	android:name
		ADDED from src\main\AndroidManifest.xml:40:10-38
activity#com.adamcox.rapbeatspro.EarnCredits
ADDED from src\main\AndroidManifest.xml:45:9-50:20
	android:screenOrientation
		ADDED from src\main\AndroidManifest.xml:49:13-49
	android:label
		ADDED from src\main\AndroidManifest.xml:47:13-45
	android:configChanges
		ADDED from src\main\AndroidManifest.xml:48:13-72
	android:name
		ADDED from src\main\AndroidManifest.xml:46:10-37
activity#com.adamcox.rapbeatspro.MySavedRaps
ADDED from src\main\AndroidManifest.xml:51:9-55:20
	android:screenOrientation
		ADDED from src\main\AndroidManifest.xml:54:13-49
	android:configChanges
		ADDED from src\main\AndroidManifest.xml:53:10-69
	android:name
		ADDED from src\main\AndroidManifest.xml:52:10-37
activity#com.adamcox.rapbeatspro.SavedRapsPlayer
ADDED from src\main\AndroidManifest.xml:56:9-60:20
	android:screenOrientation
		ADDED from src\main\AndroidManifest.xml:59:13-49
	android:configChanges
		ADDED from src\main\AndroidManifest.xml:58:10-69
	android:name
		ADDED from src\main\AndroidManifest.xml:57:10-41
activity#com.adamcox.rapbeatspro.Downloader
ADDED from src\main\AndroidManifest.xml:61:9-64:20
	android:screenOrientation
		ADDED from src\main\AndroidManifest.xml:63:13-49
	android:configChanges
		ADDED from src\main\AndroidManifest.xml:62:10-69
	android:name
		ADDED from src\main\AndroidManifest.xml:61:19-45
activity#com.adamcox.rapbeatspro.PreLandingPage
ADDED from src\main\AndroidManifest.xml:65:9-73:20
	android:screenOrientation
		ADDED from src\main\AndroidManifest.xml:68:13-49
	android:configChanges
		ADDED from src\main\AndroidManifest.xml:67:10-69
	android:name
		ADDED from src\main\AndroidManifest.xml:66:10-40
intent-filter#android.intent.action.MAIN+android.intent.category.LAUNCHER
ADDED from src\main\AndroidManifest.xml:69:13-72:29
action#android.intent.action.MAIN
ADDED from src\main\AndroidManifest.xml:70:17-69
	android:name
		ADDED from src\main\AndroidManifest.xml:70:25-66
category#android.intent.category.LAUNCHER
ADDED from src\main\AndroidManifest.xml:71:17-77
	android:name
		ADDED from src\main\AndroidManifest.xml:71:27-74
activity#com.adamcox.rapbeatspro.LandingPage
ADDED from src\main\AndroidManifest.xml:74:9-78:20
	android:screenOrientation
		ADDED from src\main\AndroidManifest.xml:77:13-49
	android:configChanges
		ADDED from src\main\AndroidManifest.xml:76:10-69
	android:name
		ADDED from src\main\AndroidManifest.xml:75:10-37